
===|Dev Logs :TSR_1556186789|===============================================

getpath invoked and returns :/home/automation/webapps/AutoBox/BDD/Core/../Logs/TSR_1556186789/Images/
FindElement invoked 
type invoked  :xpath
Find element for :/html/body/entry/login/div/div[2]/div/form/div[2]/input
<selenium.webdriver.remote.webelement.WebElement (session="86b844790c954ef688ec5fd49ce7ddf1", element="0.2901056087166216-1")>
getpath invoked and returns :/home/automation/webapps/AutoBox/BDD/Core/../Logs/TSR_1556186789/Images/
FindElement invoked 
type invoked  :xpath
Find element for :/html/body/entry/login/div/div[2]/div/form/div[3]/input
<selenium.webdriver.remote.webelement.WebElement (session="86b844790c954ef688ec5fd49ce7ddf1", element="0.2901056087166216-2")>
getpath invoked and returns :/home/automation/webapps/AutoBox/BDD/Core/../Logs/TSR_1556186789/Images/
FindElement invoked 
type invoked  :xpath
Find element for ://*[@id='login-button']
<selenium.webdriver.remote.webelement.WebElement (session="86b844790c954ef688ec5fd49ce7ddf1", element="0.2901056087166216-3")>
getpath invoked and returns :/home/automation/webapps/AutoBox/BDD/Core/../Logs/TSR_1556186789/Images/
getpath invoked and returns :/home/automation/webapps/AutoBox/BDD/Core/../Logs/TSR_1556186789/Images/
FindElement invoked 
type invoked  :xpath
Find element for ://i[@class='icon produi-icon-scenario']//parent::span//parent::button
<selenium.webdriver.remote.webelement.WebElement (session="86b844790c954ef688ec5fd49ce7ddf1", element="0.2901056087166216-4")>
getpath invoked and returns :/home/automation/webapps/AutoBox/BDD/Core/../Logs/TSR_1556186789/Images/
FindElement invoked 
type invoked  :xpath
Find element for ://span[text()='Scenarios']//parent::a
<selenium.webdriver.remote.webelement.WebElement (session="86b844790c954ef688ec5fd49ce7ddf1", element="0.2901056087166216-5")>
getpath invoked and returns :/home/automation/webapps/AutoBox/BDD/Core/../Logs/TSR_1556186789/Images/
FindElement invoked 
type invoked  :xpath
Find element for ://button[@label='Create']
<selenium.webdriver.remote.webelement.WebElement (session="86b844790c954ef688ec5fd49ce7ddf1", element="0.2901056087166216-6")>
getpath invoked and returns :/home/automation/webapps/AutoBox/BDD/Core/../Logs/TSR_1556186789/Images/
FindElement invoked 
type invoked  :xpath
Find element for ://div[text()='Project ']/parent::div/descendant::p-dropdown[contains(@class,'filterDrop')]
<selenium.webdriver.remote.webelement.WebElement (session="86b844790c954ef688ec5fd49ce7ddf1", element="0.2901056087166216-7")>
getpath invoked and returns :/home/automation/webapps/AutoBox/BDD/Core/../Logs/TSR_1556186789/Images/
FindElement invoked 
type invoked  :xpath
Find element for ://span[text()='default']//parent::li
<selenium.webdriver.remote.webelement.WebElement (session="86b844790c954ef688ec5fd49ce7ddf1", element="0.2901056087166216-8")>
getpath invoked and returns :/home/automation/webapps/AutoBox/BDD/Core/../Logs/TSR_1556186789/Images/
FindElement invoked 
type invoked  :xpath
Find element for ://div[text()='Scenario Name ']//following::div//child::input
<selenium.webdriver.remote.webelement.WebElement (session="86b844790c954ef688ec5fd49ce7ddf1", element="0.2901056087166216-9")>
getpath invoked and returns :/home/automation/webapps/AutoBox/BDD/Core/../Logs/TSR_1556186789/Images/
FindElement invoked 
type invoked  :xpath



Find Element Failed :
Traceback (most recent call last):
  File "/home/automation/webapps/AutoBox/BDD/Core/SeleniumFunction.py", line 24, in FindElement
    element=driver.find_element_by_xpath(variable)
  File "/usr/local/lib/python2.7/dist-packages/selenium/webdriver/remote/webdriver.py", line 394, in find_element_by_xpath
    return self.find_element(by=By.XPATH, value=xpath)
  File "/usr/local/lib/python2.7/dist-packages/selenium/webdriver/remote/webdriver.py", line 978, in find_element
    'value': value})['value']
  File "/usr/local/lib/python2.7/dist-packages/selenium/webdriver/remote/webdriver.py", line 321, in execute
    self.error_handler.check_response(response)
  File "/usr/local/lib/python2.7/dist-packages/selenium/webdriver/remote/errorhandler.py", line 242, in check_response
    raise exception_class(message, screen, stacktrace)
NoSuchElementException: Message: no such element: Unable to locate element: {"method":"xpath","selector":"//span[@class='ui-button-icon-left ui-clickable fa fa-fw fa-check']/following-sibling::span[text()='Next']"}
  (Session info: headless chrome=73.0.3683.103)
  (Driver info: chromedriver=2.45.615279 (12b89733300bd268cff3b78fc76cb8f3a7cc44e5),platform=Linux 4.15.0-47-generic x86_64)





getpath invoked and returns :/home/automation/webapps/AutoBox/BDD/Core/../Logs/TSR_1556186789/Images/
FindElement invoked 
type invoked  :xpath
Find element for :/html/body/entry/login/div/div[2]/div/form/div[2]/input
<selenium.webdriver.remote.webelement.WebElement (session="67fb4b1005a30e06e5508e1e499633eb", element="0.029345912576547395-1")>
getpath invoked and returns :/home/automation/webapps/AutoBox/BDD/Core/../Logs/TSR_1556186789/Images/
FindElement invoked 
type invoked  :xpath
Find element for :/html/body/entry/login/div/div[2]/div/form/div[3]/input
<selenium.webdriver.remote.webelement.WebElement (session="67fb4b1005a30e06e5508e1e499633eb", element="0.029345912576547395-2")>
getpath invoked and returns :/home/automation/webapps/AutoBox/BDD/Core/../Logs/TSR_1556186789/Images/
FindElement invoked 
type invoked  :xpath
Find element for ://*[@id='login-button']
<selenium.webdriver.remote.webelement.WebElement (session="67fb4b1005a30e06e5508e1e499633eb", element="0.029345912576547395-3")>
getpath invoked and returns :/home/automation/webapps/AutoBox/BDD/Core/../Logs/TSR_1556186789/Images/
getpath invoked and returns :/home/automation/webapps/AutoBox/BDD/Core/../Logs/TSR_1556186789/Images/
FindElement invoked 
type invoked  :xpath



Find Element Failed :
Traceback (most recent call last):
  File "/home/automation/webapps/AutoBox/BDD/Core/SeleniumFunction.py", line 24, in FindElement
    element=driver.find_element_by_xpath(variable)
  File "/usr/local/lib/python2.7/dist-packages/selenium/webdriver/remote/webdriver.py", line 394, in find_element_by_xpath
    return self.find_element(by=By.XPATH, value=xpath)
  File "/usr/local/lib/python2.7/dist-packages/selenium/webdriver/remote/webdriver.py", line 978, in find_element
    'value': value})['value']
  File "/usr/local/lib/python2.7/dist-packages/selenium/webdriver/remote/webdriver.py", line 321, in execute
    self.error_handler.check_response(response)
  File "/usr/local/lib/python2.7/dist-packages/selenium/webdriver/remote/errorhandler.py", line 242, in check_response
    raise exception_class(message, screen, stacktrace)
NoSuchElementException: Message: no such element: Unable to locate element: {"method":"xpath","selector":"//button[@icon='fa-caret-down']"}
  (Session info: headless chrome=73.0.3683.103)
  (Driver info: chromedriver=2.45.615279 (12b89733300bd268cff3b78fc76cb8f3a7cc44e5),platform=Linux 4.15.0-47-generic x86_64)




